------------------|---------|---------|---------|---------|
File              | % Stmts | % Brchs | % Funcs | % Lines |
------------------|---------|---------|---------|---------|
All files         |   93.86 |   89.02 |   94.19 |   93.86 |
node-utility2/    |   93.86 |   89.02 |   94.19 |   93.86 |
  example.js      |     100 |     100 |     100 |     100 |
  lib.utility2.js |   91.44 |   86.23 |   91.17 |   91.44 |
  test.js         |     100 |     100 |     100 |     100 |
------------------|---------|---------|---------|---------|
